<?xml version="1.0" encoding="UTF-8" ?>
<testsuite tests="4" failures="0" name="se233.advproject2.GameLoopTest" time="0.723" errors="0" skipped="0">
  <properties>
[...]
</properties>
  <testcase classname="se233.advproject2.GameLoopTest" name="testSpecialAttackMechanism" time="0.658"/>
  <testcase classname="se233.advproject2.GameLoopTest" name="testClockTick" time="0"/>
  <testcase classname="se233.advproject2.GameLoopTest" name="testKeyPressHandling" time="0.038"/>
  <testcase classname="se233.advproject2.GameLoopTest" name="testShootingMechanism" time="0.027"/>
</testsuite>